[2025-09-11 14:31:44] WARNING keshe.middleware: API Response: {'url': '/api/courses/api/1/schedules/', 'method': 'GET', 'status_code': 403, 'duration_ms': 0.5, 'user': 'Anonymous'}
[2025-09-11 14:32:04] WARNING keshe.middleware: API Response: {'url': '/api/accounts/api/register/', 'method': 'POST', 'status_code': 400, 'duration_ms': 1.0, 'user': 'Anonymous'}
[2025-09-11 14:32:15] WARNING keshe.middleware: API Response: {'url': '/api/accounts/api/register/', 'method': 'POST', 'status_code': 400, 'duration_ms': 0.0, 'user': 'Anonymous'}
[2025-09-11 14:32:32] WARNING keshe.middleware: API Response: {'url': '/api/accounts/api/register/', 'method': 'POST', 'status_code': 400, 'duration_ms': 2.99, 'user': 'Anonymous'}
[2025-09-11 14:33:13] WARNING keshe.middleware: API Response: {'url': '/api/campus/api/areas/', 'method': 'GET', 'status_code': 404, 'duration_ms': 7.98, 'user': 'Anonymous'}
[2025-09-11 14:33:25] WARNING keshe.middleware: API Response: {'url': '/api/campus/api/areas/', 'method': 'GET', 'status_code': 404, 'duration_ms': 3.99, 'user': 'Anonymous'}
[2025-09-11 14:33:41] WARNING keshe.middleware: API Response: {'url': '/api/campus/api/list/', 'method': 'GET', 'status_code': 403, 'duration_ms': 2.99, 'user': 'Anonymous'}
[2025-09-11 14:34:02] WARNING keshe.middleware: API Response: {'url': '/api/payments/api/list/', 'method': 'GET', 'status_code': 403, 'duration_ms': 1.99, 'user': 'Anonymous'}
[2025-09-11 14:34:18] WARNING keshe.middleware: API Response: {'url': '/api/payments/api/list/', 'method': 'GET', 'status_code': 403, 'duration_ms': 1.81, 'user': 'Anonymous'}
[2025-09-11 14:34:27] WARNING keshe.middleware: API Response: {'url': '/api/reservations/cancellations/', 'method': 'GET', 'status_code': 403, 'duration_ms': 2.01, 'user': 'Anonymous'}
[2025-09-11 14:34:53] WARNING keshe.middleware: API Response: {'url': '/api/reservations/cancellations/', 'method': 'GET', 'status_code': 403, 'duration_ms': 1.99, 'user': 'Anonymous'}
[2025-09-11 14:35:07] WARNING keshe.middleware: API Response: {'url': '/api/courses/api/list/', 'method': 'GET', 'status_code': 403, 'duration_ms': 1.98, 'user': 'Anonymous'}
[2025-09-11 14:35:38] WARNING keshe.middleware: API Response: {'url': '/api/reservations/cancellations/', 'method': 'GET', 'status_code': 403, 'duration_ms': 1.99, 'user': 'Anonymous'}
[2025-09-11 14:36:29] WARNING keshe.middleware: API Response: {'url': '/api/payments/api/list/', 'method': 'GET', 'status_code': 403, 'duration_ms': 1.99, 'user': 'Anonymous'}
[2025-09-11 14:36:29] WARNING keshe.middleware: API Response: {'url': '/api/reservations/cancellations/', 'method': 'GET', 'status_code': 403, 'duration_ms': 2.01, 'user': 'Anonymous'}
[2025-09-11 14:36:30] WARNING keshe.middleware: API Response: {'url': '/api/accounts/api/profile/', 'method': 'GET', 'status_code': 403, 'duration_ms': 1.99, 'user': 'Anonymous'}
[2025-09-11 14:39:01] WARNING keshe.middleware: API Response: {'url': '/api/reservations/cancellations/', 'method': 'GET', 'status_code': 403, 'duration_ms': 1.99, 'user': 'Anonymous'}
[2025-09-11 14:39:39] WARNING keshe.middleware: API Response: {'url': '/api/accounts/api/profile/', 'method': 'GET', 'status_code': 403, 'duration_ms': 1.99, 'user': 'Anonymous'}
[2025-09-11 14:55:05] WARNING keshe.middleware: API Response: {'url': '/api/accounts/api/stats/', 'method': 'GET', 'status_code': 404, 'duration_ms': 5.03, 'user': 'huang(ahuang)'}
[2025-09-11 16:01:22] WARNING keshe.middleware: API Response: {'url': '/api/', 'method': 'GET', 'status_code': 404, 'duration_ms': 8.07, 'user': 'Anonymous'}
[2025-09-11 16:01:32] WARNING keshe.middleware: API Response: {'url': '/api/accounts/', 'method': 'GET', 'status_code': 404, 'duration_ms': 4.0, 'user': 'Anonymous'}
[2025-09-11 16:01:41] ERROR keshe.middleware: Server error: {'url': '/api/accounts/login/', 'method': 'GET', 'user': 'Anonymous', 'ip': '127.0.0.1', 'user_agent': 'Mozilla/5.0 (Windows NT; Windows NT 10.0; zh-CN) WindowsPowerShell/5.1.19041.6328', 'exception_type': 'NoReverseMatch', 'exception_message': "Reverse for 'register' not found. 'register' is not a valid view function or pattern name.", 'traceback': 'Traceback (most recent call last):\n  File "D:\\Anaconda\\envs\\django\\lib\\site-packages\\django\\core\\handlers\\base.py", line 197, in _get_response\n    response = wrapped_callback(request, *callback_args, **callback_kwargs)\n  File "D:\\code\\django_learning\\keshe\\accounts\\views.py", line 398, in login_view\n    return render(request, \'accounts/login.html\')\n  File "D:\\Anaconda\\envs\\django\\lib\\site-packages\\django\\shortcuts.py", line 24, in render\n    content = loader.render_to_string(template_name, context, request, using=using)\n  File "D:\\Anaconda\\envs\\django\\lib\\site-packages\\django\\template\\loader.py", line 62, in render_to_string\n    return template.render(context, request)\n  File "D:\\Anaconda\\envs\\django\\lib\\site-packages\\django\\template\\backends\\django.py", line 61, in render\n    return self.template.render(context)\n  File "D:\\Anaconda\\envs\\django\\lib\\site-packages\\django\\template\\base.py", line 175, in render\n    return self._render(context)\n  File "D:\\Anaconda\\envs\\django\\lib\\site-packages\\django\\template\\base.py", line 167, in _render\n    return self.nodelist.render(context)\n  File "D:\\Anaconda\\envs\\django\\lib\\site-packages\\django\\template\\base.py", line 1005, in render\n    return SafeString("".join([node.render_annotated(context) for node in self]))\n  File "D:\\Anaconda\\envs\\django\\lib\\site-packages\\django\\template\\base.py", line 1005, in <listcomp>\n    return SafeString("".join([node.render_annotated(context) for node in self]))\n  File "D:\\Anaconda\\envs\\django\\lib\\site-packages\\django\\template\\base.py", line 966, in render_annotated\n    return self.render(context)\n  File "D:\\Anaconda\\envs\\django\\lib\\site-packages\\django\\template\\loader_tags.py", line 157, in render\n    return compiled_parent._render(context)\n  File "D:\\Anaconda\\envs\\django\\lib\\site-packages\\django\\template\\base.py", line 167, in _render\n    return self.nodelist.render(context)\n  File "D:\\Anaconda\\envs\\django\\lib\\site-packages\\django\\template\\base.py", line 1005, in render\n    return SafeString("".join([node.render_annotated(context) for node in self]))\n  File "D:\\Anaconda\\envs\\django\\lib\\site-packages\\django\\template\\base.py", line 1005, in <listcomp>\n    return SafeString("".join([node.render_annotated(context) for node in self]))\n  File "D:\\Anaconda\\envs\\django\\lib\\site-packages\\django\\template\\base.py", line 966, in render_annotated\n    return self.render(context)\n  File "D:\\Anaconda\\envs\\django\\lib\\site-packages\\django\\template\\loader_tags.py", line 63, in render\n    result = block.nodelist.render(context)\n  File "D:\\Anaconda\\envs\\django\\lib\\site-packages\\django\\template\\base.py", line 1005, in render\n    return SafeString("".join([node.render_annotated(context) for node in self]))\n  File "D:\\Anaconda\\envs\\django\\lib\\site-packages\\django\\template\\base.py", line 1005, in <listcomp>\n    return SafeString("".join([node.render_annotated(context) for node in self]))\n  File "D:\\Anaconda\\envs\\django\\lib\\site-packages\\django\\template\\base.py", line 966, in render_annotated\n    return self.render(context)\n  File "D:\\Anaconda\\envs\\django\\lib\\site-packages\\django\\template\\defaulttags.py", line 471, in render\n    url = reverse(view_name, args=args, kwargs=kwargs, current_app=current_app)\n  File "D:\\Anaconda\\envs\\django\\lib\\site-packages\\django\\urls\\base.py", line 88, in reverse\n    return resolver._reverse_with_prefix(view, prefix, *args, **kwargs)\n  File "D:\\Anaconda\\envs\\django\\lib\\site-packages\\django\\urls\\resolvers.py", line 828, in _reverse_with_prefix\n    raise NoReverseMatch(msg)\ndjango.urls.exceptions.NoReverseMatch: Reverse for \'register\' not found. \'register\' is not a valid view function or pattern name.\n'}
[2025-09-11 16:01:41] ERROR keshe.middleware: API Response: {'url': '/api/accounts/login/', 'method': 'GET', 'status_code': 500, 'duration_ms': 83.73, 'user': 'Anonymous'}
[2025-09-11 16:06:35] WARNING keshe.middleware: API Response: {'url': '/api/reservations/api/bookings/?page=1&page_size=10&status=&date_from=&date_to=', 'method': 'GET', 'status_code': 404, 'duration_ms': 22.35, 'user': 'huang(ahuang)'}
[2025-09-11 16:07:55] WARNING keshe.middleware: API Response: {'url': '/api/reservations/bookings/', 'method': 'GET', 'status_code': 403, 'duration_ms': 0.0, 'user': 'Anonymous'}
[2025-09-11 16:08:29] WARNING keshe.middleware: API Response: {'url': '/api/payments/api/account/', 'method': 'GET', 'status_code': 400, 'duration_ms': 0.0, 'user': 'huang(ahuang)'}
[2025-09-11 16:08:29] WARNING keshe.middleware: API Response: {'url': '/api/payments/api/transactions/?page=1&page_size=10&transaction_type=&date_from=&date_to=', 'method': 'GET', 'status_code': 400, 'duration_ms': 4.33, 'user': 'huang(ahuang)'}
[2025-09-11 16:09:23] WARNING keshe.middleware: API Response: {'url': '/api/payments/account/', 'method': 'GET', 'status_code': 404, 'duration_ms': 3.97, 'user': 'Anonymous'}
[2025-09-11 16:10:02] WARNING keshe.middleware: API Response: {'url': '/api/payments/api/account/', 'method': 'GET', 'status_code': 403, 'duration_ms': 1.02, 'user': 'Anonymous'}
[2025-09-11 16:10:30] WARNING keshe.middleware: API Response: {'url': '/api/payments/api/account/', 'method': 'GET', 'status_code': 400, 'duration_ms': 0.0, 'user': 'huang(ahuang)'}
[2025-09-11 16:12:27] ERROR keshe.middleware: Server error: {'url': '/payments/', 'method': 'GET', 'user': 'Anonymous', 'ip': '127.0.0.1', 'user_agent': 'Mozilla/5.0 (Windows NT; Windows NT 10.0; zh-CN) WindowsPowerShell/5.1.19041.6328', 'exception_type': 'TemplateDoesNotExist', 'exception_message': 'payments/index.html', 'traceback': 'Traceback (most recent call last):\n  File "D:\\Anaconda\\envs\\django\\lib\\site-packages\\django\\core\\handlers\\base.py", line 197, in _get_response\n    response = wrapped_callback(request, *callback_args, **callback_kwargs)\n  File "D:\\code\\django_learning\\keshe\\payments\\views.py", line 539, in payments_index\n    return render(request, \'payments/index.html\', {\n  File "D:\\Anaconda\\envs\\django\\lib\\site-packages\\django\\shortcuts.py", line 24, in render\n    content = loader.render_to_string(template_name, context, request, using=using)\n  File "D:\\Anaconda\\envs\\django\\lib\\site-packages\\django\\template\\loader.py", line 61, in render_to_string\n    template = get_template(template_name, using=using)\n  File "D:\\Anaconda\\envs\\django\\lib\\site-packages\\django\\template\\loader.py", line 19, in get_template\n    raise TemplateDoesNotExist(template_name, chain=chain)\ndjango.template.exceptions.TemplateDoesNotExist: payments/index.html\n'}
[2025-09-11 16:12:44] ERROR keshe.middleware: Server error: {'url': '/payments/?ide_webview_request_time=1757578364474', 'method': 'GET', 'user': '(huanghm)', 'ip': '127.0.0.1', 'user_agent': 'Mozilla/5.0 (Windows NT 10.0; Win64; x64) AppleWebKit/537.36 (KHTML, like Gecko) Trae/1.100.3 Chrome/132.0.6834.210 Electron/34.5.1 Safari/537.36', 'exception_type': 'TemplateDoesNotExist', 'exception_message': 'payments/index.html', 'traceback': 'Traceback (most recent call last):\n  File "D:\\Anaconda\\envs\\django\\lib\\site-packages\\django\\core\\handlers\\base.py", line 197, in _get_response\n    response = wrapped_callback(request, *callback_args, **callback_kwargs)\n  File "D:\\code\\django_learning\\keshe\\payments\\views.py", line 539, in payments_index\n    return render(request, \'payments/index.html\', {\n  File "D:\\Anaconda\\envs\\django\\lib\\site-packages\\django\\shortcuts.py", line 24, in render\n    content = loader.render_to_string(template_name, context, request, using=using)\n  File "D:\\Anaconda\\envs\\django\\lib\\site-packages\\django\\template\\loader.py", line 61, in render_to_string\n    template = get_template(template_name, using=using)\n  File "D:\\Anaconda\\envs\\django\\lib\\site-packages\\django\\template\\loader.py", line 19, in get_template\n    raise TemplateDoesNotExist(template_name, chain=chain)\ndjango.template.exceptions.TemplateDoesNotExist: payments/index.html\n'}
[2025-09-11 16:14:06] WARNING keshe.middleware: API Response: {'url': '/api/payments/api/account/', 'method': 'GET', 'status_code': 400, 'duration_ms': 0.0, 'user': 'huang(ahuang)'}
[2025-09-11 16:14:06] WARNING keshe.middleware: API Response: {'url': '/api/payments/api/transactions/?page=1&page_size=10&transaction_type=&date_from=&date_to=', 'method': 'GET', 'status_code': 400, 'duration_ms': 0.0, 'user': 'huang(ahuang)'}
[2025-09-11 16:15:09] WARNING keshe.middleware: API Response: {'url': '/api/payments/api/account/', 'method': 'GET', 'status_code': 400, 'duration_ms': 62.16, 'user': '(huanghm)'}
[2025-09-11 16:15:17] WARNING keshe.middleware: API Response: {'url': '/api/payments/api/methods/', 'method': 'GET', 'status_code': 400, 'duration_ms': 0.0, 'user': '(huanghm)'}
[2025-09-11 16:15:42] WARNING keshe.middleware: API Response: {'url': '/api/payments/api/account/', 'method': 'GET', 'status_code': 400, 'duration_ms': 2.01, 'user': 'huang(ahuang)'}
[2025-09-11 16:17:57] WARNING keshe.middleware: API Response: {'url': '/api/payments/api/account/', 'method': 'GET', 'status_code': 400, 'duration_ms': 1.0, 'user': 'huang(ahuang)'}
[2025-09-11 16:18:00] WARNING keshe.middleware: API Response: {'url': '/api/payments/api/account/', 'method': 'GET', 'status_code': 403, 'duration_ms': 0.0, 'user': 'Anonymous'}
[2025-09-11 16:18:43] WARNING keshe.middleware: API Response: {'url': '/api/payments/api/account/', 'method': 'GET', 'status_code': 400, 'duration_ms': 1.5, 'user': 'huang(ahuang)'}
[2025-09-11 16:21:54] WARNING keshe.middleware: API Response: {'url': '/api/payments/api/account/', 'method': 'GET', 'status_code': 400, 'duration_ms': 0.0, 'user': 'huang(ahuang)'}
[2025-09-11 16:21:57] WARNING keshe.middleware: API Response: {'url': '/api/courses/api/evaluations/?page=1&page_size=10&course=&coach=&rating=', 'method': 'GET', 'status_code': 400, 'duration_ms': 0.0, 'user': 'huang(ahuang)'}
[2025-09-11 16:21:57] WARNING keshe.middleware: API Response: {'url': '/api/coaches/api/list/', 'method': 'GET', 'status_code': 404, 'duration_ms': 18.97, 'user': 'huang(ahuang)'}
[2025-09-11 16:21:57] WARNING keshe.middleware: API Response: {'url': '/api/courses/api/available-for-evaluation/', 'method': 'GET', 'status_code': 404, 'duration_ms': 17.95, 'user': 'huang(ahuang)'}
[2025-09-11 16:22:01] WARNING keshe.middleware: API Response: {'url': '/api/notifications/api/list/?page=1&page_size=10&message_type=&is_read=&date_from=&date_to=', 'method': 'GET', 'status_code': 404, 'duration_ms': 3.99, 'user': 'huang(ahuang)'}
[2025-09-11 16:22:01] WARNING keshe.middleware: API Response: {'url': '/api/notifications/api/stats/', 'method': 'GET', 'status_code': 404, 'duration_ms': 10.97, 'user': 'huang(ahuang)'}
[2025-09-11 16:23:00] WARNING keshe.middleware: API Response: {'url': '/api/payments/api/account/', 'method': 'GET', 'status_code': 400, 'duration_ms': 1.01, 'user': 'huang(ahuang)'}
[2025-09-11 16:23:41] WARNING keshe.middleware: API Response: {'url': '/api/payments/api/account/', 'method': 'GET', 'status_code': 400, 'duration_ms': 1.64, 'user': 'huang(ahuang)'}
[2025-09-11 16:24:19] WARNING keshe.middleware: API Response: {'url': '/api/payments/api/account/', 'method': 'GET', 'status_code': 400, 'duration_ms': 2.87, 'user': 'huang(ahuang)'}
[2025-09-11 16:24:41] WARNING keshe.middleware: API Response: {'url': '/api/payments/api/account/', 'method': 'GET', 'status_code': 403, 'duration_ms': 1.0, 'user': 'Anonymous'}
[2025-09-11 16:26:00] WARNING keshe.middleware: API Response: {'url': '/api/payments/api/account/', 'method': 'GET', 'status_code': 400, 'duration_ms': 0.61, 'user': 'huang(ahuang)'}
[2025-09-11 16:26:36] WARNING keshe.middleware: API Response: {'url': '/api/payments/api/account/', 'method': 'GET', 'status_code': 400, 'duration_ms': 1.17, 'user': 'huang(ahuang)'}
[2025-09-11 16:27:01] WARNING keshe.middleware: API Response: {'url': '/api/payments/api/account/', 'method': 'GET', 'status_code': 400, 'duration_ms': 1.11, 'user': 'huang(ahuang)'}
[2025-09-11 16:28:35] WARNING keshe.middleware: API Response: {'url': '/api/payments/api/account/', 'method': 'GET', 'status_code': 403, 'duration_ms': 1.99, 'user': 'Anonymous'}
[2025-09-11 16:29:57] WARNING keshe.middleware: API Response: {'url': '/api/notifications/api/list/?page=1&page_size=10&message_type=&is_read=&date_from=&date_to=', 'method': 'GET', 'status_code': 404, 'duration_ms': 4.97, 'user': 'huang(ahuang)'}
[2025-09-11 16:29:57] WARNING keshe.middleware: API Response: {'url': '/api/notifications/api/stats/', 'method': 'GET', 'status_code': 404, 'duration_ms': 8.02, 'user': 'huang(ahuang)'}
[2025-09-11 16:29:58] WARNING keshe.middleware: API Response: {'url': '/api/payments/api/account/', 'method': 'GET', 'status_code': 400, 'duration_ms': 17.19, 'user': 'huang(ahuang)'}
[2025-09-11 16:30:07] WARNING keshe.middleware: API Response: {'url': '/api/payments/api/account/', 'method': 'GET', 'status_code': 400, 'duration_ms': 1.66, 'user': 'huang(ahuang)'}
[2025-09-11 16:30:48] WARNING keshe.middleware: API Response: {'url': '/api/payments/api/account/', 'method': 'GET', 'status_code': 400, 'duration_ms': 1.99, 'user': 'huang(ahuang)'}
[2025-09-11 16:32:23] WARNING keshe.middleware: API Response: {'url': '/api/payments/api/account/', 'method': 'GET', 'status_code': 400, 'duration_ms': 0.99, 'user': 'huang(ahuang)'}
[2025-09-11 16:32:48] WARNING keshe.middleware: API Response: {'url': '/api/payments/api/account/', 'method': 'GET', 'status_code': 400, 'duration_ms': 2.99, 'user': 'huang(ahuang)'}
[2025-09-11 16:33:50] WARNING keshe.middleware: API Response: {'url': '/api/payments/api/account/', 'method': 'GET', 'status_code': 400, 'duration_ms': 2.99, 'user': 'huang(ahuang)'}
[2025-09-11 16:35:22] WARNING keshe.middleware: API Response: {'url': '/api/notifications/api/list/?page=1&page_size=10&message_type=&is_read=&date_from=&date_to=', 'method': 'GET', 'status_code': 404, 'duration_ms': 9.53, 'user': 'Anonymous'}
[2025-09-11 16:35:22] WARNING keshe.middleware: API Response: {'url': '/api/notifications/api/stats/', 'method': 'GET', 'status_code': 404, 'duration_ms': 7.58, 'user': 'Anonymous'}
[2025-09-11 16:35:41] WARNING keshe.middleware: API Response: {'url': '/api/payments/api/account/', 'method': 'GET', 'status_code': 400, 'duration_ms': 17.95, 'user': 'huang(ahuang)'}
[2025-09-11 16:35:41] WARNING keshe.middleware: API Response: {'url': '/api/notifications/api/list/?page=1&page_size=10&message_type=&is_read=&date_from=&date_to=', 'method': 'GET', 'status_code': 404, 'duration_ms': 7.47, 'user': 'Anonymous'}
[2025-09-11 16:35:41] WARNING keshe.middleware: API Response: {'url': '/api/notifications/api/stats/', 'method': 'GET', 'status_code': 404, 'duration_ms': 7.47, 'user': 'Anonymous'}
[2025-09-11 16:35:50] WARNING keshe.middleware: API Response: {'url': '/api/payments/api/account/', 'method': 'GET', 'status_code': 400, 'duration_ms': 2.99, 'user': 'huang(ahuang)'}
[2025-09-11 16:36:03] WARNING keshe.middleware: API Response: {'url': '/api/payments/api/account/', 'method': 'GET', 'status_code': 400, 'duration_ms': 2.99, 'user': 'huang(ahuang)'}
[2025-09-11 16:40:35] WARNING keshe.middleware: API Response: {'url': '/api/payments/api/account/', 'method': 'GET', 'status_code': 400, 'duration_ms': 30.92, 'user': 'huang(ahuang)'}
[2025-09-11 16:42:52] WARNING keshe.middleware: API Response: {'url': '/api/notifications/api/list/?page=1&page_size=10&message_type=&is_read=&date_from=&date_to=', 'method': 'GET', 'status_code': 404, 'duration_ms': 13.83, 'user': 'Anonymous'}
[2025-09-11 16:42:52] WARNING keshe.middleware: API Response: {'url': '/api/notifications/api/stats/', 'method': 'GET', 'status_code': 404, 'duration_ms': 12.99, 'user': 'Anonymous'}
[2025-09-11 16:45:49] WARNING keshe.middleware: API Response: {'url': '/api/courses/api/evaluations/?page=1&page_size=10&course=&coach=&rating=', 'method': 'GET', 'status_code': 400, 'duration_ms': 6.64, 'user': 'huang(ahuang)'}
[2025-09-11 16:45:49] WARNING keshe.middleware: API Response: {'url': '/api/coaches/api/list/', 'method': 'GET', 'status_code': 404, 'duration_ms': 29.23, 'user': 'Anonymous'}
[2025-09-11 16:45:49] WARNING keshe.middleware: API Response: {'url': '/api/courses/api/available-for-evaluation/', 'method': 'GET', 'status_code': 404, 'duration_ms': 26.57, 'user': 'Anonymous'}
[2025-09-11 16:46:54] WARNING keshe.middleware: API Response: {'url': '/api/courses/api/available-for-evaluation/', 'method': 'GET', 'status_code': 404, 'duration_ms': 12.42, 'user': 'Anonymous'}
[2025-09-11 16:46:54] WARNING keshe.middleware: API Response: {'url': '/api/coaches/api/list/', 'method': 'GET', 'status_code': 404, 'duration_ms': 13.43, 'user': 'Anonymous'}
[2025-09-11 16:46:54] WARNING keshe.middleware: API Response: {'url': '/api/courses/evaluations/?page=1&page_size=10&course=&coach=&rating=', 'method': 'GET', 'status_code': 404, 'duration_ms': 13.61, 'user': 'Anonymous'}
[2025-09-11 16:47:10] WARNING keshe.middleware: API Response: {'url': '/api/courses/evaluations/?page=1&page_size=10&course=&coach=&rating=', 'method': 'GET', 'status_code': 404, 'duration_ms': 15.55, 'user': 'Anonymous'}
[2025-09-11 16:47:10] WARNING keshe.middleware: API Response: {'url': '/api/courses/api/available-for-evaluation/', 'method': 'GET', 'status_code': 404, 'duration_ms': 17.04, 'user': 'Anonymous'}
[2025-09-11 16:47:32] WARNING keshe.middleware: API Response: {'url': '/api/courses/evaluations/?page=1&page_size=10&course=&coach=&rating=', 'method': 'GET', 'status_code': 404, 'duration_ms': 20.84, 'user': 'Anonymous'}
[2025-09-11 16:47:32] WARNING keshe.middleware: API Response: {'url': '/api/courses/list/', 'method': 'GET', 'status_code': 404, 'duration_ms': 19.86, 'user': 'Anonymous'}
[2025-09-11 16:47:39] WARNING keshe.middleware: API Response: {'url': '/api/courses/evaluations/?page=1&page_size=10&course=&coach=&rating=', 'method': 'GET', 'status_code': 404, 'duration_ms': 13.9, 'user': 'Anonymous'}
[2025-09-11 16:47:39] WARNING keshe.middleware: API Response: {'url': '/api/courses/list/', 'method': 'GET', 'status_code': 404, 'duration_ms': 15.9, 'user': 'Anonymous'}
[2025-09-11 16:47:56] WARNING keshe.middleware: API Response: {'url': '/api/courses/evaluations/?page=1&page_size=10&course=&coach=&rating=', 'method': 'GET', 'status_code': 404, 'duration_ms': 19.8, 'user': 'Anonymous'}
[2025-09-11 16:47:56] WARNING keshe.middleware: API Response: {'url': '/api/courses/list/', 'method': 'GET', 'status_code': 404, 'duration_ms': 15.96, 'user': 'Anonymous'}
[2025-09-11 16:48:13] WARNING keshe.middleware: API Response: {'url': '/api/courses/evaluations/?page=1&page_size=10&course=&coach=&rating=', 'method': 'GET', 'status_code': 404, 'duration_ms': 14.49, 'user': 'Anonymous'}
[2025-09-11 16:48:13] WARNING keshe.middleware: API Response: {'url': '/api/courses/list/', 'method': 'GET', 'status_code': 404, 'duration_ms': 16.5, 'user': 'Anonymous'}
[2025-09-11 16:48:34] WARNING keshe.middleware: API Response: {'url': '/api/courses/api/evaluations/?page=1&page_size=10&course=&coach=&rating=', 'method': 'GET', 'status_code': 400, 'duration_ms': 3.99, 'user': 'huang(ahuang)'}
[2025-09-11 16:48:34] WARNING keshe.middleware: API Response: {'url': '/api/courses/list/', 'method': 'GET', 'status_code': 404, 'duration_ms': 16.12, 'user': 'Anonymous'}
[2025-09-11 16:48:42] WARNING keshe.middleware: API Response: {'url': '/api/courses/api/evaluations/?page=1&page_size=10&course=&coach=&rating=', 'method': 'GET', 'status_code': 400, 'duration_ms': 3.19, 'user': 'huang(ahuang)'}
[2025-09-11 16:48:50] WARNING keshe.middleware: API Response: {'url': '/api/courses/api/evaluations/?page=1&page_size=10&course=&coach=&rating=', 'method': 'GET', 'status_code': 400, 'duration_ms': 2.99, 'user': 'huang(ahuang)'}
[2025-09-11 16:49:18] WARNING keshe.middleware: API Response: {'url': '/api/courses/api/evaluations/?page=1&page_size=10&course=&coach=&rating=', 'method': 'GET', 'status_code': 400, 'duration_ms': 5.98, 'user': 'huang(ahuang)'}
[2025-09-11 16:59:00] WARNING keshe.middleware: API Response: {'url': '/api/notifications/api/list/', 'method': 'GET', 'status_code': 403, 'duration_ms': 0.0, 'user': 'Anonymous'}
[2025-09-11 17:01:55] WARNING keshe.middleware: API Response: {'url': '/api/courses/evaluations/', 'method': 'POST', 'status_code': 404, 'duration_ms': 4.69, 'user': 'Anonymous'}
[2025-09-11 17:02:51] WARNING keshe.middleware: API Response: {'url': '/api/courses/evaluations/?page=1&page_size=10&course=&coach=&rating=', 'method': 'GET', 'status_code': 404, 'duration_ms': 8.98, 'user': 'Anonymous'}
[2025-09-11 17:02:51] WARNING keshe.middleware: API Response: {'url': '/api/courses/list/', 'method': 'GET', 'status_code': 404, 'duration_ms': 13.96, 'user': 'Anonymous'}
[2025-09-11 17:02:51] WARNING keshe.middleware: API Response: {'url': '/api/courses/list/', 'method': 'GET', 'status_code': 404, 'duration_ms': 6.25, 'user': 'Anonymous'}
[2025-09-11 17:02:56] WARNING keshe.middleware: API Response: {'url': '/api/courses/evaluations/?page=1&page_size=10&course=&coach=&rating=', 'method': 'GET', 'status_code': 404, 'duration_ms': 11.63, 'user': 'Anonymous'}
[2025-09-11 17:02:56] WARNING keshe.middleware: API Response: {'url': '/api/courses/list/', 'method': 'GET', 'status_code': 404, 'duration_ms': 11.41, 'user': 'Anonymous'}
[2025-09-11 17:02:56] WARNING keshe.middleware: API Response: {'url': '/api/courses/list/', 'method': 'GET', 'status_code': 404, 'duration_ms': 6.01, 'user': 'Anonymous'}
[2025-09-11 17:03:07] WARNING keshe.middleware: API Response: {'url': '/api/courses/evaluations/?page=1&page_size=10&course=&coach=&rating=', 'method': 'GET', 'status_code': 404, 'duration_ms': 9.94, 'user': 'Anonymous'}
[2025-09-11 17:03:07] WARNING keshe.middleware: API Response: {'url': '/api/courses/list/', 'method': 'GET', 'status_code': 404, 'duration_ms': 9.99, 'user': 'Anonymous'}
[2025-09-11 17:03:07] WARNING keshe.middleware: API Response: {'url': '/api/courses/list/', 'method': 'GET', 'status_code': 404, 'duration_ms': 4.73, 'user': 'Anonymous'}
[2025-09-11 17:05:26] WARNING keshe.middleware: API Response: {'url': '/api/courses/evaluations/', 'method': 'POST', 'status_code': 403, 'duration_ms': 0.0, 'user': 'Anonymous'}
[2025-09-11 17:12:12] WARNING keshe.middleware: API Response: {'url': '/api/courses/evaluations/', 'method': 'POST', 'status_code': 400, 'duration_ms': 4.5, 'user': 'huang(ahuang)'}
[2025-09-11 17:12:52] WARNING keshe.middleware: API Response: {'url': '/api/courses/evaluations/', 'method': 'POST', 'status_code': 400, 'duration_ms': 1.52, 'user': 'huang(ahuang)'}
[2025-09-11 17:17:26] WARNING keshe.middleware: API Response: {'url': '/api/reservations/tables/', 'method': 'GET', 'status_code': 403, 'duration_ms': 0.0, 'user': 'Anonymous'}
[2025-09-11 17:21:50] WARNING keshe.middleware: API Response: {'url': '/api/reservations/bookings/', 'method': 'POST', 'status_code': 400, 'duration_ms': 3.54, 'user': 'уе╫ла╥(coach1)'}
[2025-09-11 17:27:13] WARNING keshe.middleware: API Response: {'url': '/api/campus/list/', 'method': 'GET', 'status_code': 404, 'duration_ms': 10.97, 'user': 'huang(ahuang)'}
[2025-09-11 17:27:57] WARNING keshe.middleware: API Response: {'url': '/api/campus/list/', 'method': 'GET', 'status_code': 404, 'duration_ms': 4.97, 'user': 'huang(ahuang)'}
[2025-09-11 17:27:57] WARNING keshe.middleware: API Response: {'url': '/api/campus/list/', 'method': 'GET', 'status_code': 404, 'duration_ms': 7.89, 'user': 'huang(ahuang)'}
[2025-09-11 17:28:23] WARNING keshe.middleware: API Response: {'url': '/api/campus/list/', 'method': 'GET', 'status_code': 404, 'duration_ms': 5.98, 'user': 'huang(ahuang)'}
[2025-09-11 17:28:34] WARNING keshe.middleware: API Response: {'url': '/api/campus/list/', 'method': 'GET', 'status_code': 404, 'duration_ms': 6.98, 'user': 'huang(ahuang)'}
[2025-09-11 17:28:57] WARNING keshe.middleware: API Response: {'url': '/api/campus/', 'method': 'GET', 'status_code': 404, 'duration_ms': 4.0, 'user': 'Anonymous'}
[2025-09-11 17:29:05] WARNING keshe.middleware: API Response: {'url': '/api/campus/api/list/', 'method': 'GET', 'status_code': 403, 'duration_ms': 0.0, 'user': 'Anonymous'}
[2025-09-11 17:29:13] WARNING keshe.middleware: API Response: {'url': '/api/campus/api/list/', 'method': 'GET', 'status_code': 403, 'duration_ms': 0.0, 'user': 'Anonymous'}
[2025-09-11 17:31:27] WARNING keshe.middleware: API Response: {'url': '/api/campus/api/list/', 'method': 'GET', 'status_code': 403, 'duration_ms': 2.99, 'user': 'Anonymous'}
